<?xml version="1.0" encoding="UTF-8"?>
<!-- Generated by org.testng.reporters.JUnitXMLReporter -->
<testsuite ignored="0" hostname="LAPTOP-7MT187F0" failures="0" tests="4" name="Default test" time="75.823" errors="0" timestamp="2021-02-08T08:08:40 CET">
  <testcase classname="tests.LogInTests" name="logIn" time="7.978"/>
  <testcase classname="tests.LogInTests" name="logInWithoutCredentials" time="3.089"/>
  <testcase classname="tests.LogInTests" name="logInWrongCredentials" time="7.45"/>
  <testcase classname="tests.LogInTests" name="logOut" time="9.037"/>
</testsuite> <!-- Default test -->
