<?xml version="1.0" encoding="UTF-8"?>
<testng-results ignored="0" total="4" passed="4" failed="0" skipped="0">
  <reporter-output>
  </reporter-output>
  <suite started-at="2021-02-08T08:07:24 CET" name="Default suite" finished-at="2021-02-08T08:08:40 CET" duration-ms="75823">
    <groups>
    </groups>
    <test started-at="2021-02-08T08:07:24 CET" name="Default test" finished-at="2021-02-08T08:08:40 CET" duration-ms="75823">
      <class name="tests.LogInTests">
        <test-method is-config="true" signature="preKlase()[pri:0, instance:tests.LogInTests@161479c6]" started-at="2021-02-08T08:07:24 CET" name="preKlase" finished-at="2021-02-08T08:07:31 CET" duration-ms="7033" status="PASS">
          <reporter-output>
          </reporter-output>
        </test-method> <!-- preKlase -->
        <test-method is-config="true" signature="setup()[pri:0, instance:tests.LogInTests@161479c6]" started-at="2021-02-08T08:07:31 CET" name="setup" finished-at="2021-02-08T08:07:40 CET" duration-ms="8576" status="PASS">
          <reporter-output>
          </reporter-output>
        </test-method> <!-- setup -->
        <test-method signature="logIn()[pri:0, instance:tests.LogInTests@161479c6]" started-at="2021-02-08T08:07:40 CET" name="logIn" finished-at="2021-02-08T08:07:48 CET" duration-ms="7978" status="PASS">
          <reporter-output>
          </reporter-output>
        </test-method> <!-- logIn -->
        <test-method is-config="true" signature="afterTest()[pri:0, instance:tests.LogInTests@161479c6]" started-at="2021-02-08T08:07:48 CET" name="afterTest" finished-at="2021-02-08T08:07:51 CET" duration-ms="2926" status="PASS">
          <reporter-output>
          </reporter-output>
        </test-method> <!-- afterTest -->
        <test-method is-config="true" signature="setup()[pri:0, instance:tests.LogInTests@161479c6]" started-at="2021-02-08T08:07:51 CET" name="setup" finished-at="2021-02-08T08:07:58 CET" duration-ms="6889" status="PASS">
          <reporter-output>
          </reporter-output>
        </test-method> <!-- setup -->
        <test-method signature="logInWithoutCredentials()[pri:5, instance:tests.LogInTests@161479c6]" started-at="2021-02-08T08:07:58 CET" name="logInWithoutCredentials" finished-at="2021-02-08T08:08:01 CET" duration-ms="3089" status="PASS">
          <reporter-output>
          </reporter-output>
        </test-method> <!-- logInWithoutCredentials -->
        <test-method is-config="true" signature="afterTest()[pri:0, instance:tests.LogInTests@161479c6]" started-at="2021-02-08T08:08:01 CET" name="afterTest" finished-at="2021-02-08T08:08:04 CET" duration-ms="3084" status="PASS">
          <reporter-output>
          </reporter-output>
        </test-method> <!-- afterTest -->
        <test-method is-config="true" signature="setup()[pri:0, instance:tests.LogInTests@161479c6]" started-at="2021-02-08T08:08:04 CET" name="setup" finished-at="2021-02-08T08:08:10 CET" duration-ms="6610" status="PASS">
          <reporter-output>
          </reporter-output>
        </test-method> <!-- setup -->
        <test-method signature="logInWrongCredentials()[pri:10, instance:tests.LogInTests@161479c6]" started-at="2021-02-08T08:08:10 CET" name="logInWrongCredentials" finished-at="2021-02-08T08:08:18 CET" duration-ms="7450" status="PASS">
          <reporter-output>
          </reporter-output>
        </test-method> <!-- logInWrongCredentials -->
        <test-method is-config="true" signature="afterTest()[pri:0, instance:tests.LogInTests@161479c6]" started-at="2021-02-08T08:08:18 CET" name="afterTest" finished-at="2021-02-08T08:08:21 CET" duration-ms="3097" status="PASS">
          <reporter-output>
          </reporter-output>
        </test-method> <!-- afterTest -->
        <test-method is-config="true" signature="setup()[pri:0, instance:tests.LogInTests@161479c6]" started-at="2021-02-08T08:08:21 CET" name="setup" finished-at="2021-02-08T08:08:27 CET" duration-ms="6434" status="PASS">
          <reporter-output>
          </reporter-output>
        </test-method> <!-- setup -->
        <test-method signature="logOut()[pri:15, instance:tests.LogInTests@161479c6]" started-at="2021-02-08T08:08:27 CET" name="logOut" finished-at="2021-02-08T08:08:36 CET" duration-ms="9037" status="PASS">
          <reporter-output>
          </reporter-output>
        </test-method> <!-- logOut -->
        <test-method is-config="true" signature="afterTest()[pri:0, instance:tests.LogInTests@161479c6]" started-at="2021-02-08T08:08:36 CET" name="afterTest" finished-at="2021-02-08T08:08:40 CET" duration-ms="3369" status="PASS">
          <reporter-output>
          </reporter-output>
        </test-method> <!-- afterTest -->
        <test-method is-config="true" signature="posleKlase()[pri:0, instance:tests.LogInTests@161479c6]" started-at="2021-02-08T08:08:40 CET" name="posleKlase" finished-at="2021-02-08T08:08:40 CET" duration-ms="172" status="PASS">
          <reporter-output>
          </reporter-output>
        </test-method> <!-- posleKlase -->
      </class> <!-- tests.LogInTests -->
    </test> <!-- Default test -->
  </suite> <!-- Default suite -->
</testng-results>
