<?xml version="1.0" encoding="UTF-8"?>
<testng-results ignored="0" total="2" passed="2" failed="0" skipped="0">
  <reporter-output>
  </reporter-output>
  <suite started-at="2021-02-08T12:15:19 CET" name="Default suite" finished-at="2021-02-08T12:16:17 CET" duration-ms="58774">
    <groups>
    </groups>
    <test started-at="2021-02-08T12:15:19 CET" name="Default test" finished-at="2021-02-08T12:16:17 CET" duration-ms="58774">
      <class name="w3schoolTests.TestsW3">
        <test-method is-config="true" signature="preKlase()[pri:0, instance:w3schoolTests.TestsW3@6d2a209c]" started-at="2021-02-08T12:15:19 CET" name="preKlase" finished-at="2021-02-08T12:15:25 CET" duration-ms="6703" status="PASS">
          <reporter-output>
          </reporter-output>
        </test-method> <!-- preKlase -->
        <test-method is-config="true" signature="setup()[pri:0, instance:w3schoolTests.TestsW3@6d2a209c]" started-at="2021-02-08T12:15:25 CET" name="setup" finished-at="2021-02-08T12:15:31 CET" duration-ms="5546" status="PASS">
          <reporter-output>
          </reporter-output>
        </test-method> <!-- setup -->
        <test-method signature="logIn()[pri:0, instance:w3schoolTests.TestsW3@6d2a209c]" started-at="2021-02-08T12:15:31 CET" name="logIn" finished-at="2021-02-08T12:15:47 CET" duration-ms="15895" status="PASS">
          <reporter-output>
          </reporter-output>
        </test-method> <!-- logIn -->
        <test-method is-config="true" signature="afterTest()[pri:0, instance:w3schoolTests.TestsW3@6d2a209c]" started-at="2021-02-08T12:15:47 CET" name="afterTest" finished-at="2021-02-08T12:15:50 CET" duration-ms="2947" status="PASS">
          <reporter-output>
          </reporter-output>
        </test-method> <!-- afterTest -->
        <test-method is-config="true" signature="setup()[pri:0, instance:w3schoolTests.TestsW3@6d2a209c]" started-at="2021-02-08T12:15:50 CET" name="setup" finished-at="2021-02-08T12:15:50 CET" duration-ms="526" status="PASS">
          <reporter-output>
          </reporter-output>
        </test-method> <!-- setup -->
        <test-method signature="choseJavaCourse()[pri:5, instance:w3schoolTests.TestsW3@6d2a209c]" started-at="2021-02-08T12:15:50 CET" name="choseJavaCourse" finished-at="2021-02-08T12:16:15 CET" duration-ms="24755" status="PASS">
          <reporter-output>
          </reporter-output>
        </test-method> <!-- choseJavaCourse -->
        <test-method is-config="true" signature="afterTest()[pri:0, instance:w3schoolTests.TestsW3@6d2a209c]" started-at="2021-02-08T12:16:15 CET" name="afterTest" finished-at="2021-02-08T12:16:17 CET" duration-ms="2137" status="PASS">
          <reporter-output>
          </reporter-output>
        </test-method> <!-- afterTest -->
        <test-method is-config="true" signature="posleKlase()[pri:0, instance:w3schoolTests.TestsW3@6d2a209c]" started-at="2021-02-08T12:16:17 CET" name="posleKlase" finished-at="2021-02-08T12:16:17 CET" duration-ms="219" status="PASS">
          <reporter-output>
          </reporter-output>
        </test-method> <!-- posleKlase -->
      </class> <!-- w3schoolTests.TestsW3 -->
    </test> <!-- Default test -->
  </suite> <!-- Default suite -->
</testng-results>
